<?xml version="1.0" encoding="UTF-8"?>
<!-- Generated by org.testng.reporters.JUnitReportReporter -->
<testsuite hostname="Preetijaiswal-IT" failures="0" tests="3" name="testng.TestCasePractice" time="6.815" errors="0" timestamp="2023-02-17T12:16:13 IST" skipped="0">
  <testcase classname="testng.TestCasePractice" name="doLogin" time="0.009"/>
  <system-out/>
  <testcase classname="testng.TestCasePractice" name="validateTitle" time="6.801"/>
  <system-out/>
  <testcase classname="testng.TestCasePractice" name="doLogout" time="0.005"/>
  <system-out/>
</testsuite> <!-- testng.TestCasePractice -->
